This is pdfTeX, Version 3.141592653-2.6-1.40.25 (MiKTeX 23.10) (preloaded format=pdflatex 2024.1.6)  6 JAN 2024 01:50
entering extended mode
 restricted \write18 enabled.
 %&-line parsing enabled.
**./refman.tex
(refman.tex
LaTeX2e <2023-06-01> patch level 1
L3 programming layer <2023-08-29>
(C:\Users\Cyrez\AppData\Local\Programs\MiKTeX\tex/latex/base\book.cls
Document Class: book 2023/05/17 v1.4n Standard LaTeX document class
(C:\Users\Cyrez\AppData\Local\Programs\MiKTeX\tex/latex/base\bk10.clo
File: bk10.clo 2023/05/17 v1.4n Standard LaTeX file (size option)
)
\c@part=\count185
\c@chapter=\count186
\c@section=\count187
\c@subsection=\count188
\c@subsubsection=\count189
\c@paragraph=\count190
\c@subparagraph=\count191
\c@figure=\count192
\c@table=\count193
\abovecaptionskip=\skip48
\belowcaptionskip=\skip49
\bibindent=\dimen140
)
(C:\Users\Cyrez\AppData\Local\Programs\MiKTeX\tex/latex/base\ifthen.sty
Package: ifthen 2022/04/13 v1.1d Standard LaTeX ifthen package (DPC)
)
(C:\Users\Cyrez\AppData\Local\Programs\MiKTeX\tex/latex/tools\array.sty
Rollback for package 'array' requested -> date 2016-10-06.
         Best approximation is the release introduced on 2016-10-06.

(C:\Users\Cyrez\AppData\Local\Programs\MiKTeX\tex/latex/tools\array-2016-10-06.
sty
Package: array 2016/10/06 v2.4d Tabular extension package (FMi)
\col@sep=\dimen141
\extrarowheight=\dimen142
\NC@list=\toks17
\extratabsurround=\skip50
\backup@length=\skip51
))
(C:\Users\Cyrez\AppData\Local\Programs\MiKTeX\tex/generic/infwarerr\infwarerr.s
ty
package info suppressed
) (doxygen.sty
Package: doxygen 

(C:\Users\Cyrez\AppData\Local\Programs\MiKTeX\tex/latex/base\alltt.sty
Package: alltt 2021/01/29 v2.0g defines alltt environment
)
(C:\Users\Cyrez\AppData\Local\Programs\MiKTeX\tex/latex/tools\calc.sty
Package: calc 2017/05/25 v4.3 Infix arithmetic (KKT,FJ)
\calc@Acount=\count194
\calc@Bcount=\count195
\calc@Adimen=\dimen143
\calc@Bdimen=\dimen144
\calc@Askip=\skip52
\calc@Bskip=\skip53
LaTeX Info: Redefining \setlength on input line 80.
LaTeX Info: Redefining \addtolength on input line 81.
\calc@Ccount=\count196
\calc@Cskip=\skip54
)
(C:\Users\Cyrez\AppData\Local\Programs\MiKTeX\tex/latex/float\float.sty
Package: float 2001/11/08 v1.3d Float enhancements (AL)
\c@float@type=\count197
\float@exts=\toks18
\float@box=\box51
\@float@everytoks=\toks19
\@floatcapt=\box52
)
(C:\Users\Cyrez\AppData\Local\Programs\MiKTeX\tex/latex/tools\verbatim.sty
Package: verbatim 2022-07-02 v1.5u LaTeX2e package for verbatim enhancements
\every@verbatim=\toks20
\verbatim@line=\toks21
\verbatim@in@stream=\read2
)
(C:\Users\Cyrez\AppData\Local\Programs\MiKTeX\tex/latex/xcolor\xcolor.sty
Package: xcolor 2022/06/12 v2.14 LaTeX color extensions (UK)

(C:\Users\Cyrez\AppData\Local\Programs\MiKTeX\tex/latex/graphics-cfg\color.cfg
File: color.cfg 2016/01/02 v1.6 sample color configuration
)
Package xcolor Info: Driver file: pdftex.def on input line 227.

(C:\Users\Cyrez\AppData\Local\Programs\MiKTeX\tex/latex/graphics-def\pdftex.def
File: pdftex.def 2022/09/22 v1.2b Graphics/color driver for pdftex
) (C:\Users\Cyrez\AppData\Local\Programs\MiKTeX\tex/latex/colortbl\colortbl.sty
Package: colortbl 2022/06/20 v1.0f Color table columns (DPC)
\everycr=\toks22
\minrowclearance=\skip55
\rownum=\count198
)
(C:\Users\Cyrez\AppData\Local\Programs\MiKTeX\tex/latex/graphics\mathcolor.ltx)
Package xcolor Info: Model `cmy' substituted by `cmy0' on input line 1353.
Package xcolor Info: Model `hsb' substituted by `rgb' on input line 1357.
Package xcolor Info: Model `RGB' extended on input line 1369.
Package xcolor Info: Model `HTML' substituted by `rgb' on input line 1371.
Package xcolor Info: Model `Hsb' substituted by `hsb' on input line 1372.
Package xcolor Info: Model `tHsb' substituted by `hsb' on input line 1373.
Package xcolor Info: Model `HSB' substituted by `hsb' on input line 1374.
Package xcolor Info: Model `Gray' substituted by `gray' on input line 1375.
Package xcolor Info: Model `wave' substituted by `hsb' on input line 1376.
) (longtable_doxygen.sty
Package: longtable_doxygen 2014/10/28 v4.11 Multi-page Table package (DPC) - fr
ozen version for doxygen
\LTleft=\skip56
\LTright=\skip57
\LTpre=\skip58
\LTpost=\skip59
\LTchunksize=\count199
\LTcapwidth=\dimen145
\LT@head=\box53
\LT@firsthead=\box54
\LT@foot=\box55
\LT@lastfoot=\box56
\LT@cols=\count266
\LT@rows=\count267
\c@LT@tables=\count268
\c@LT@chunks=\count269
\LT@p@ftn=\toks23
) (tabu_doxygen.sty
Package: tabu_doxygen 2011/02/26 v2.8 - flexible LaTeX tabulars (FC), frozen ve
rsion for doxygen

(C:\Users\Cyrez\AppData\Local\Programs\MiKTeX\tex/latex/varwidth\varwidth.sty
Package: varwidth 2009/03/30 ver 0.92;  Variable-width minipages
\@vwid@box=\box57
\sift@deathcycles=\count270
\@vwid@loff=\dimen146
\@vwid@roff=\dimen147
)
\c@taburow=\count271
\tabu@nbcols=\count272
\tabu@cnt=\count273
\tabu@Xcol=\count274
\tabu@alloc=\count275
\tabu@nested=\count276
\tabu@target=\dimen148
\tabu@spreadtarget=\dimen149
\tabu@naturalX=\dimen150
\tabucolX=\dimen151
\tabu@Xsum=\dimen152
\extrarowdepth=\dimen153
\abovetabulinesep=\dimen154
\belowtabulinesep=\dimen155
\tabustrutrule=\dimen156
\tabu@thebody=\toks24
\tabu@footnotes=\toks25
\tabu@box=\box58
\tabu@arstrutbox=\box59
\tabu@hleads=\box60
\tabu@vleads=\box61
\tabu@cellskip=\skip60
) (C:\Users\Cyrez\AppData\Local\Programs\MiKTeX\tex/latex/fancyvrb\fancyvrb.sty
Package: fancyvrb 2023/11/06 4.5b verbatim text (tvz,hv)

(C:\Users\Cyrez\AppData\Local\Programs\MiKTeX\tex/latex/graphics\keyval.sty
Package: keyval 2022/05/29 v1.15 key=value parser (DPC)
\KV@toks@=\toks26
)
\FV@CodeLineNo=\count277
\FV@InFile=\read3
\FV@TabBox=\box62
\c@FancyVerbLine=\count278
\FV@StepNumber=\count279
\FV@OutFile=\write3
)
(C:\Users\Cyrez\AppData\Local\Programs\MiKTeX\tex/latex/tools\tabularx.sty
Package: tabularx 2020/01/15 v2.11c `tabularx' package (DPC)
\TX@col@width=\dimen157
\TX@old@table=\dimen158
\TX@old@col=\dimen159
\TX@target=\dimen160
\TX@delta=\dimen161
\TX@cols=\count280
\TX@ftn=\toks27
)
(C:\Users\Cyrez\AppData\Local\Programs\MiKTeX\tex/latex/tools\multicol.sty
Package: multicol 2023/03/30 v1.9f multicolumn formatting (FMi)
\c@tracingmulticols=\count281
\mult@box=\box63
\multicol@leftmargin=\dimen162
\c@unbalance=\count282
\c@collectmore=\count283
\doublecol@number=\count284
\multicoltolerance=\count285
\multicolpretolerance=\count286
\full@width=\dimen163
\page@free=\dimen164
\premulticols=\dimen165
\postmulticols=\dimen166
\multicolsep=\skip61
\multicolbaselineskip=\skip62
\partial@page=\box64
\last@line=\box65
\mc@boxedresult=\box66
\maxbalancingoverflow=\dimen167
\mult@rightbox=\box67
\mult@grightbox=\box68
\mult@firstbox=\box69
\mult@gfirstbox=\box70
\@tempa=\box71
\@tempa=\box72
\@tempa=\box73
\@tempa=\box74
\@tempa=\box75
\@tempa=\box76
\@tempa=\box77
\@tempa=\box78
\@tempa=\box79
\@tempa=\box80
\@tempa=\box81
\@tempa=\box82
\@tempa=\box83
\@tempa=\box84
\@tempa=\box85
\@tempa=\box86
\@tempa=\box87
\@tempa=\box88
\@tempa=\box89
\@tempa=\box90
\@tempa=\box91
\@tempa=\box92
\@tempa=\box93
\@tempa=\box94
\@tempa=\box95
\@tempa=\box96
\@tempa=\box97
\@tempa=\box98
\@tempa=\box99
\@tempa=\box100
\@tempa=\box101
\@tempa=\box102
\@tempa=\box103
\@tempa=\box104
\@tempa=\box105
\@tempa=\box106
\c@minrows=\count287
\c@columnbadness=\count288
\c@finalcolumnbadness=\count289
\last@try=\dimen168
\multicolovershoot=\dimen169
\multicolundershoot=\dimen170
\mult@nat@firstbox=\box107
\colbreak@box=\box108
\mc@col@check@num=\count290
)
(C:\Users\Cyrez\AppData\Local\Programs\MiKTeX\tex/latex/multirow\multirow.sty
Package: multirow 2021/03/15 v2.8 Span multiple rows of a table
\multirow@colwidth=\skip63
\multirow@cntb=\count291
\multirow@dima=\skip64
\bigstrutjot=\dimen171
)
(C:\Users\Cyrez\AppData\Local\Programs\MiKTeX\tex/latex/hanging\hanging.sty
Package: hanging 2009/09/02 v1.2b hanging paragraphs and punctuation
\h@ngcommawd=\skip65
\h@ngfstopwd=\skip66
\h@ngquotewd=\skip67
\h@ngdquotewd=\skip68
\h@ngquerywd=\skip69
\h@ngexclwd=\skip70
\h@ngcolonwd=\skip71
\h@ngscolonwd=\skip72
)
(C:\Users\Cyrez\AppData\Local\Programs\MiKTeX\tex/generic/iftex\ifpdf.sty
Package: ifpdf 2019/10/25 v3.4 ifpdf legacy package. Use iftex instead.

(C:\Users\Cyrez\AppData\Local\Programs\MiKTeX\tex/generic/iftex\iftex.sty
Package: iftex 2022/02/03 v1.0f TeX engine tests
))
(C:\Users\Cyrez\AppData\Local\Programs\MiKTeX\tex/latex/adjustbox\adjustbox.sty
Package: adjustbox 2022/10/17 v1.3a Adjusting TeX boxes (trim, clip, ...)
(C:\Users\Cyrez\AppData\Local\Programs\MiKTeX\tex/latex/xkeyval\xkeyval.sty
Package: xkeyval 2022/06/16 v2.9 package option processing (HA)

(C:\Users\Cyrez\AppData\Local\Programs\MiKTeX\tex/generic/xkeyval\xkeyval.tex
(C:\Users\Cyrez\AppData\Local\Programs\MiKTeX\tex/generic/xkeyval\xkvutils.tex
\XKV@toks=\toks28
\XKV@tempa@toks=\toks29
)
\XKV@depth=\count292
File: xkeyval.tex 2014/12/03 v2.7a key=value parser (HA)
))
(C:\Users\Cyrez\AppData\Local\Programs\MiKTeX\tex/latex/adjustbox\adjcalc.sty
Package: adjcalc 2012/05/16 v1.1 Provides advanced setlength with multiple back
-ends (calc, etex, pgfmath)
)
(C:\Users\Cyrez\AppData\Local\Programs\MiKTeX\tex/latex/adjustbox\trimclip.sty
Package: trimclip 2020/08/19 v1.2 Trim and clip general TeX material

(C:\Users\Cyrez\AppData\Local\Programs\MiKTeX\tex/latex/graphics\graphicx.sty
Package: graphicx 2021/09/16 v1.2d Enhanced LaTeX Graphics (DPC,SPQR)

(C:\Users\Cyrez\AppData\Local\Programs\MiKTeX\tex/latex/graphics\graphics.sty
Package: graphics 2022/03/10 v1.4e Standard LaTeX Graphics (DPC,SPQR)

(C:\Users\Cyrez\AppData\Local\Programs\MiKTeX\tex/latex/graphics\trig.sty
Package: trig 2021/08/11 v1.11 sin cos tan (DPC)
)
(C:\Users\Cyrez\AppData\Local\Programs\MiKTeX\tex/latex/graphics-cfg\graphics.c
fg
File: graphics.cfg 2016/06/04 v1.11 sample graphics configuration
)
Package graphics Info: Driver file: pdftex.def on input line 107.
)
\Gin@req@height=\dimen172
\Gin@req@width=\dimen173
)
(C:\Users\Cyrez\AppData\Local\Programs\MiKTeX\tex/latex/collectbox\collectbox.s
ty
Package: collectbox 2022/10/17 v0.4c Collect macro arguments as boxes
\collectedbox=\box109
)
\tc@llx=\dimen174
\tc@lly=\dimen175
\tc@urx=\dimen176
\tc@ury=\dimen177
Package trimclip Info: Using driver 'tc-pdftex.def'.

(C:\Users\Cyrez\AppData\Local\Programs\MiKTeX\tex/latex/adjustbox\tc-pdftex.def
File: tc-pdftex.def 2019/01/04 v2.2 Clipping driver for pdftex
))
\adjbox@Width=\dimen178
\adjbox@Height=\dimen179
\adjbox@Depth=\dimen180
\adjbox@Totalheight=\dimen181
\adjbox@pwidth=\dimen182
\adjbox@pheight=\dimen183
\adjbox@pdepth=\dimen184
\adjbox@ptotalheight=\dimen185

(C:\Users\Cyrez\AppData\Local\Programs\MiKTeX\tex/latex/ifoddpage\ifoddpage.sty
Package: ifoddpage 2022/10/18 v1.2 Conditionals for odd/even page detection
\c@checkoddpage=\count293
)) (C:\Users\Cyrez\AppData\Local\Programs\MiKTeX\tex/latex/amsfonts\amssymb.sty
Package: amssymb 2013/01/14 v3.01 AMS font symbols
(C:\Users\Cyrez\AppData\Local\Programs\MiKTeX\tex/latex/amsfonts\amsfonts.sty
Package: amsfonts 2013/01/14 v3.01 Basic AMSFonts support
\@emptytoks=\toks30
\symAMSa=\mathgroup4
\symAMSb=\mathgroup5
LaTeX Font Info:    Redeclaring math symbol \hbar on input line 98.
LaTeX Font Info:    Overwriting math alphabet `\mathfrak' in version `bold'
(Font)                  U/euf/m/n --> U/euf/b/n on input line 106.
))
(C:\Users\Cyrez\AppData\Local\Programs\MiKTeX\tex/latex/stackengine\stackengine
.sty
Package: stackengine 2021/07/22 v4.11\ Stacking text and objects in convenient 
ways

(C:\Users\Cyrez\AppData\Local\Programs\MiKTeX\tex/latex/etoolbox\etoolbox.sty
Package: etoolbox 2020/10/05 v2.5k e-TeX tools for LaTeX (JAW)
\etb@tempcnta=\count294
)
(C:\Users\Cyrez\AppData\Local\Programs\MiKTeX\tex/latex/listofitems\listofitems
.sty
(C:\Users\Cyrez\AppData\Local\Programs\MiKTeX\tex/generic/listofitems\listofite
ms.tex
\loi_cnt_foreach_nest=\count295
\loi_nestcnt=\count296
)
Package: listofitems 2019/08/21 v1.63 Grab items in lists using user-specified 
sep char (CT)
)
\c@@stackindex=\count297
\@boxshift=\skip73
\stack@tmplength=\skip74
\temp@stkl=\skip75
\@stackedboxwidth=\skip76
\@addedbox=\box110
\@anchorbox=\box111
\@insetbox=\box112
\se@backgroundbox=\box113
\stackedbox=\box114
\@centerbox=\box115
\c@ROWcellindex@=\count298
)
(C:\Users\Cyrez\AppData\Local\Programs\MiKTeX\tex/latex/enumitem\enumitem.sty
Package: enumitem 2019/06/20 v3.9 Customized lists
\labelindent=\skip77
\enit@outerparindent=\dimen186
\enit@toks=\toks31
\enit@inbox=\box116
\enit@count@id=\count299
\enitdp@description=\count300
)
(C:\Users\Cyrez\AppData\Local\Programs\MiKTeX\tex/generic/alphalph\alphalph.sty
Package: alphalph 2019/12/09 v2.6 Convert numbers to letters (HO)
(C:\Users\Cyrez\AppData\Local\Programs\MiKTeX\tex/generic/intcalc\intcalc.sty
Package: intcalc 2019/12/15 v1.3 Expandable calculations with integers (HO)
)) (C:\Users\Cyrez\AppData\Local\Programs\MiKTeX\tex/latex/ulem\ulem.sty
\UL@box=\box117
\UL@hyphenbox=\box118
\UL@skip=\skip78
\UL@hook=\toks32
\UL@height=\dimen187
\UL@pe=\count301
\UL@pixel=\dimen188
\ULC@box=\box119
Package: ulem 2019/11/18
\ULdepth=\dimen189
)
\xrefbox=\box120
\xreflength=\skip79
\CodeWidthChar=\skip80
\CodeHeightChar=\skip81
\DoxyCodeWidth=\skip82
\c@DoxyEnumeratei=\count302
\c@DoxyEnumerateii=\count303
\c@DoxyEnumerateiii=\count304
\c@DoxyEnumerateiv=\count305
\c@DoxyEnumeratev=\count306
\c@DoxyEnumeratevi=\count307
\c@DoxyEnumeratevii=\count308
\c@DoxyEnumerateviii=\count309
\c@DoxyEnumerateix=\count310
\c@DoxyEnumeratex=\count311
\c@DoxyEnumeratexi=\count312
\c@DoxyEnumeratexii=\count313
\enitdp@DoxyEnumerate=\count314
\enitdp@DoxyItemize=\count315
\c@subsubsubsection=\count316
\c@subsubsubsubsection=\count317
\c@subsubsubsubsubsection=\count318
\c@subsubsubsubsubsubsection=\count319
)
(C:\Users\Cyrez\AppData\Local\Programs\MiKTeX\tex/latex/base\inputenc.sty
Package: inputenc 2021/02/14 v1.3d Input encoding file
\inpenc@prehook=\toks33
\inpenc@posthook=\toks34
)
(C:\Users\Cyrez\AppData\Local\Programs\MiKTeX\tex/latex/base\makeidx.sty
Package: makeidx 2021/10/04 v1.0m Standard LaTeX package
)
(C:\Users\Cyrez\AppData\Local\Programs\MiKTeX\tex/latex/base\textcomp.sty
Package: textcomp 2020/02/02 v2.0n Standard LaTeX package
)
(C:\Users\Cyrez\AppData\Local\Programs\MiKTeX\tex/latex/wasysym\wasysym.sty
Package: wasysym 2020/01/19 v2.4 Wasy-2 symbol support package
\symwasy=\mathgroup6
LaTeX Font Info:    Overwriting symbol font `wasy' in version `bold'
(Font)                  U/wasy/m/n --> U/wasy/b/n on input line 93.
)
(C:\Users\Cyrez\AppData\Local\Programs\MiKTeX\tex/generic/iftex\ifxetex.sty
Package: ifxetex 2019/10/25 v0.7 ifxetex legacy package. Use iftex instead.
)
(C:\Users\Cyrez\AppData\Local\Programs\MiKTeX\tex/latex/base\fontenc.sty
Package: fontenc 2021/04/29 v2.0v Standard LaTeX package
)
(C:\Users\Cyrez\AppData\Local\Programs\MiKTeX\tex/latex/psnfss\helvet.sty
Package: helvet 2020/03/25 PSNFSS-v9.3 (WaS) 
)
(C:\Users\Cyrez\AppData\Local\Programs\MiKTeX\tex/latex/psnfss\courier.sty
Package: courier 2020/03/25 PSNFSS-v9.3 (WaS) 
)
(C:\Users\Cyrez\AppData\Local\Programs\MiKTeX\tex/latex/geometry\geometry.sty
Package: geometry 2020/01/02 v5.9 Page Geometry

(C:\Users\Cyrez\AppData\Local\Programs\MiKTeX\tex/generic/iftex\ifvtex.sty
Package: ifvtex 2019/10/25 v1.7 ifvtex legacy package. Use iftex instead.
)
\Gm@cnth=\count320
\Gm@cntv=\count321
\c@Gm@tempcnt=\count322
\Gm@bindingoffset=\dimen190
\Gm@wd@mp=\dimen191
\Gm@odd@mp=\dimen192
\Gm@even@mp=\dimen193
\Gm@layoutwidth=\dimen194
\Gm@layoutheight=\dimen195
\Gm@layouthoffset=\dimen196
\Gm@layoutvoffset=\dimen197
\Gm@dimlist=\toks35

(C:\Users\Cyrez\AppData\Local\Programs\MiKTeX\tex/latex/geometry\geometry.cfg))

(C:\Users\Cyrez\AppData\Local\Programs\MiKTeX\tex/latex/changepage\changepage.s
ty
Package: changepage 2009/10/20 v1.0c check page and change page layout
\c@cp@cntr=\count323
\cp@tempcnt=\count324
LaTeX Info: Redefining \checkoddpage on input line 59.
)
(C:\Users\Cyrez\AppData\Local\Programs\MiKTeX\tex/latex/fancyhdr\fancyhdr.sty
Package: fancyhdr 2022/11/09 v4.1 Extensive control of page headers and footers

\f@nch@headwidth=\skip83
\f@nch@O@elh=\skip84
\f@nch@O@erh=\skip85
\f@nch@O@olh=\skip86
\f@nch@O@orh=\skip87
\f@nch@O@elf=\skip88
\f@nch@O@erf=\skip89
\f@nch@O@olf=\skip90
\f@nch@O@orf=\skip91
)
(C:\Users\Cyrez\AppData\Local\Programs\MiKTeX\tex/latex/natbib\natbib.sty
Package: natbib 2010/09/13 8.31b (PWD, AO)
\bibhang=\skip92
\bibsep=\skip93
LaTeX Info: Redefining \cite on input line 694.
\c@NAT@ctr=\count325
)
(C:\Users\Cyrez\AppData\Local\Programs\MiKTeX\tex/latex/tocloft\tocloft.sty
Package: tocloft 2017/08/31 v2.3i parameterised ToC, etc., typesetting
Package tocloft Info: The document has chapter divisions on input line 51.
\cftparskip=\skip94
\cftbeforetoctitleskip=\skip95
\cftaftertoctitleskip=\skip96
\cftbeforepartskip=\skip97
\cftpartnumwidth=\skip98
\cftpartindent=\skip99
\cftbeforechapskip=\skip100
\cftchapindent=\skip101
\cftchapnumwidth=\skip102
\cftbeforesecskip=\skip103
\cftsecindent=\skip104
\cftsecnumwidth=\skip105
\cftbeforesubsecskip=\skip106
\cftsubsecindent=\skip107
\cftsubsecnumwidth=\skip108
\cftbeforesubsubsecskip=\skip109
\cftsubsubsecindent=\skip110
\cftsubsubsecnumwidth=\skip111
\cftbeforeparaskip=\skip112
\cftparaindent=\skip113
\cftparanumwidth=\skip114
\cftbeforesubparaskip=\skip115
\cftsubparaindent=\skip116
\cftsubparanumwidth=\skip117
\cftbeforeloftitleskip=\skip118
\cftafterloftitleskip=\skip119
\cftbeforefigskip=\skip120
\cftfigindent=\skip121
\cftfignumwidth=\skip122
\c@lofdepth=\count326
\c@lotdepth=\count327
\cftbeforelottitleskip=\skip123
\cftafterlottitleskip=\skip124
\cftbeforetabskip=\skip125
\cfttabindent=\skip126
\cfttabnumwidth=\skip127
)
\@indexfile=\write4
\openout4 = `refman.idx'.


Writing index file refman.idx

(C:\Users\Cyrez\AppData\Local\Programs\MiKTeX\tex/latex/newunicodechar\newunico
dechar.sty
Package: newunicodechar 2018/04/08 v1.2 Defining Unicode characters
)
(C:\Users\Cyrez\AppData\Local\Programs\MiKTeX\tex/latex/caption\caption.sty
Package: caption 2023/08/05 v3.6o Customizing captions (AR)

(C:\Users\Cyrez\AppData\Local\Programs\MiKTeX\tex/latex/caption\caption3.sty
Package: caption3 2023/07/31 v2.4d caption3 kernel (AR)
\caption@tempdima=\dimen198
\captionmargin=\dimen199
\caption@leftmargin=\dimen256
\caption@rightmargin=\dimen257
\caption@width=\dimen258
\caption@indent=\dimen259
\caption@parindent=\dimen260
\caption@hangindent=\dimen261
Package caption Info: Standard document class detected.
)
\c@caption@flags=\count328
\c@continuedfloat=\count329
Package caption Info: changepage package is loaded.
\caption@adjustwidth@hsize=\dimen262
\caption@adjustwidth@linewidth=\dimen263
Package caption Info: float package is loaded.
Package caption Info: longtable package is loaded.

(C:\Users\Cyrez\AppData\Local\Programs\MiKTeX\tex/latex/caption\ltcaption.sty
Package: ltcaption 2021/01/08 v1.4c longtable captions (AR)
)) (C:\Users\Cyrez\AppData\Local\Programs\MiKTeX\tex/latex/etoc\etoc.sty
Package: etoc 2023/10/29 v1.2d Completely customisable TOCs (JFB)

(C:\Users\Cyrez\AppData\Local\Programs\MiKTeX\tex/latex/kvoptions\kvoptions.sty
Package: kvoptions 2022-06-15 v3.15 Key value format for package options (HO)
(C:\Users\Cyrez\AppData\Local\Programs\MiKTeX\tex/generic/ltxcmds\ltxcmds.sty
Package: ltxcmds 2023-12-04 v1.26 LaTeX kernel commands for general use (HO)
)
(C:\Users\Cyrez\AppData\Local\Programs\MiKTeX\tex/latex/kvsetkeys\kvsetkeys.sty
Package: kvsetkeys 2022-10-05 v1.19 Key value parser (HO)
))
\Etoc@toctoks=\toks36
\c@etoc@tocid=\count330
\etoc@framed@titlebox=\box121
\etoc@framed@contentsbox=\box122
)
LaTeX Font Info:    Trying to load font information for T1+phv on input line 16
5.
 (C:\Users\Cyrez\AppData\Local\Programs\MiKTeX\tex/latex/psnfss\t1phv.fd
File: t1phv.fd 2020/03/25 scalable font definitions for T1/phv.
)
LaTeX Font Info:    Font shape `T1/phv/m/n' will be
(Font)              scaled to size 8.99994pt on input line 165.

(C:\Users\Cyrez\AppData\Local\Programs\MiKTeX\tex/latex/l3backend\l3backend-pdf
tex.def
File: l3backend-pdftex.def 2023-04-19 L3 backend support: PDF output (pdfTeX)
\l__color_backend_stack_int=\count331
\l__pdf_internal_box=\box123
) (refman.aux)
\openout1 = `refman.aux'.

LaTeX Font Info:    Checking defaults for OML/cmm/m/it on input line 165.
LaTeX Font Info:    ... okay on input line 165.
LaTeX Font Info:    Checking defaults for OMS/cmsy/m/n on input line 165.
LaTeX Font Info:    ... okay on input line 165.
LaTeX Font Info:    Checking defaults for OT1/cmr/m/n on input line 165.
LaTeX Font Info:    ... okay on input line 165.
LaTeX Font Info:    Checking defaults for T1/cmr/m/n on input line 165.
LaTeX Font Info:    ... okay on input line 165.
LaTeX Font Info:    Checking defaults for TS1/cmr/m/n on input line 165.
LaTeX Font Info:    ... okay on input line 165.
LaTeX Font Info:    Checking defaults for OMX/cmex/m/n on input line 165.
LaTeX Font Info:    ... okay on input line 165.
LaTeX Font Info:    Checking defaults for U/cmr/m/n on input line 165.
LaTeX Font Info:    ... okay on input line 165.

(C:\Users\Cyrez\AppData\Local\Programs\MiKTeX\tex/context/base/mkii\supp-pdf.mk
ii
[Loading MPS to PDF converter (version 2006.09.02).]
\scratchcounter=\count332
\scratchdimen=\dimen264
\scratchbox=\box124
\nofMPsegments=\count333
\nofMParguments=\count334
\everyMPshowfont=\toks37
\MPscratchCnt=\count335
\MPscratchDim=\dimen265
\MPnumerator=\count336
\makeMPintoPDFobject=\count337
\everyMPtoPDFconversion=\toks38
)
(C:\Users\Cyrez\AppData\Local\Programs\MiKTeX\tex/latex/epstopdf-pkg\epstopdf-b
ase.sty
Package: epstopdf-base 2020-01-24 v2.11 Base part for package epstopdf
Package epstopdf-base Info: Redefining graphics rule for `.eps' on input line 4
85.

(C:\Users\Cyrez\AppData\Local\Programs\MiKTeX\tex/latex/00miktex\epstopdf-sys.c
fg
File: epstopdf-sys.cfg 2021/03/18 v2.0 Configuration of epstopdf for MiKTeX
))
*geometry* driver: auto-detecting
*geometry* detected driver: pdftex
*geometry* verbose mode - [ preamble ] result:
* driver: pdftex
* paper: a4paper
* layout: <same size as paper>
* layoutoffset:(h,v)=(0.0pt,0.0pt)
* modes: twoside 
* h-part:(L,W,R)=(71.13188pt, 455.24411pt, 71.13188pt)
* v-part:(T,H,B)=(71.13188pt, 702.78308pt, 71.13188pt)
* \paperwidth=597.50787pt
* \paperheight=845.04684pt
* \textwidth=455.24411pt
* \textheight=702.78308pt
* \oddsidemargin=-1.1381pt
* \evensidemargin=-1.1381pt
* \topmargin=-31.2056pt
* \headheight=12.0pt
* \headsep=18.06749pt
* \topskip=10.0pt
* \footskip=25.29494pt
* \marginparwidth=125.0pt
* \marginparsep=7.0pt
* \columnsep=10.0pt
* \skip\footins=9.0pt plus 4.0pt minus 2.0pt
* \hoffset=0.0pt
* \voffset=0.0pt
* \mag=1000
* \@twocolumnfalse
* \@twosidetrue
* \@mparswitchtrue
* \@reversemarginfalse
* (1in=72.27pt=25.4mm, 1cm=28.453pt)

Package caption Info: Begin \AtBeginDocument code.
Package caption Info: End \AtBeginDocument code.
\Etoc@tf=\read4
LaTeX Font Info:    Font shape `T1/phv/m/n' will be
(Font)              scaled to size 12.9599pt on input line 172.
LaTeX Font Info:    Font shape `T1/phv/m/n' will be
(Font)              scaled to size 6.29996pt on input line 172.
LaTeX Font Info:    Trying to load font information for U+msa on input line 172
.
(C:\Users\Cyrez\AppData\Local\Programs\MiKTeX\tex/latex/amsfonts\umsa.fd
File: umsa.fd 2013/01/14 v3.01 AMS symbols A
)
LaTeX Font Info:    Trying to load font information for U+msb on input line 172
.

(C:\Users\Cyrez\AppData\Local\Programs\MiKTeX\tex/latex/amsfonts\umsb.fd
File: umsb.fd 2013/01/14 v3.01 AMS symbols B
)
LaTeX Font Info:    Trying to load font information for U+wasy on input line 17
2.

(C:\Users\Cyrez\AppData\Local\Programs\MiKTeX\tex/latex/wasysym\uwasy.fd
File: uwasy.fd 2020/01/19 v2.4 Wasy-2 symbol font definitions
)
LaTeX Font Info:    Font shape `T1/phv/m/n' will be
(Font)              scaled to size 10.79993pt on input line 174.

[1


{C:/Users/Cyrez/AppData/Local/MiKTeX/fonts/map/pdftex/pdftex.map}{C:/Users/Cyre
z/AppData/Local/Programs/MiKTeX/fonts/enc/dvips/base/8r.enc}] [2

]
\tf@toc=\write5
\openout5 = `refman.toc'.

LaTeX Font Info:    Font shape `T1/phv/b/n' will be
(Font)              scaled to size 8.99994pt on input line 180.
LaTeX Font Info:    Font shape `T1/phv/b/n' will be
(Font)              scaled to size 6.29996pt on input line 180.
 [1]
[2] [3] [4] [5] [6]
LaTeX Font Info:    Font shape `T1/phv/m/n' will be
(Font)              scaled to size 7.19995pt on input line 180.
LaTeX Font Info:    Trying to load font information for T1+pcr on input line 18
0.

(C:\Users\Cyrez\AppData\Local\Programs\MiKTeX\tex/latex/psnfss\t1pcr.fd
File: t1pcr.fd 2001/06/04 font definitions for T1/pcr.
)
[7] [8] [9] [10]
Chapter 1.
LaTeX Font Info:    Font shape `T1/phv/m/n' will be
(Font)              scaled to size 18.66588pt on input line 183.
LaTeX Font Info:    Font shape `T1/phv/b/n' will be
(Font)              scaled to size 18.66588pt on input line 183.
LaTeX Font Info:    Font shape `T1/phv/b/n' will be
(Font)              scaled to size 22.39185pt on input line 183.
(hierarchy.tex
LaTeX Font Info:    Font shape `T1/phv/b/n' will be
(Font)              scaled to size 12.9599pt on input line 1.
) [1


] [2

]
Chapter 2.
(annotated.tex [3]) [4]
Chapter 3.
(files.tex [5

]) [6]
Chapter 4.
(class_base_calculate_block_type.tex
Package epstopdf Info: Source file: <class_base_calculate_block_type.eps>
(epstopdf)                    date: 2023-12-30 21:30:40
(epstopdf)                    size: 3949 bytes
(epstopdf)             Output file: <class_base_calculate_block_type-eps-conver
ted-to.pdf>
(epstopdf)                    date: 2024-01-06 01:48:34
(epstopdf)                    size: 6408 bytes
(epstopdf)             Command: <miktex-epstopdf --outfile=class_base_calculate
_block_type-eps-converted-to.pdf class_base_calculate_block_type.eps>
(epstopdf)             \includegraphics on input line 11.
Package epstopdf Info: Output file is already uptodate.
 <./class_base_calculate_block_type-eps-converted-to.pdf>
<class_base_calculate_block_type-eps-converted-to.pdf, id=63, 501.875pt x 365.3
65pt>
File: class_base_calculate_block_type-eps-converted-to.pdf Graphic file (type p
df)
<use class_base_calculate_block_type-eps-converted-to.pdf>
Package pdftex.def Info: class_base_calculate_block_type-eps-converted-to.pdf  
used on input line 11.
(pdftex.def)             Requested size: 117.25142pt x 85.35826pt.
LaTeX Font Info:    Trying to load font information for TS1+phv on input line 1
7.

(C:\Users\Cyrez\AppData\Local\Programs\MiKTeX\tex/latex/psnfss\ts1phv.fd
File: ts1phv.fd 2020/03/25 scalable font definitions for TS1/phv.
)
LaTeX Font Info:    Font shape `TS1/phv/m/n' will be
(Font)              scaled to size 8.99994pt on input line 17.
LaTeX Font Info:    Font shape `T1/phv/m/n' will be
(Font)              scaled to size 8.09995pt on input line 18.
LaTeX Font Info:    Font shape `T1/phv/m/it' in size <9> not available
(Font)              Font shape `T1/phv/m/sl' tried instead on input line 18.
LaTeX Font Info:    Font shape `T1/phv/m/sl' will be
(Font)              scaled to size 8.09995pt on input line 18.
LaTeX Font Info:    Font shape `T1/phv/b/n' will be
(Font)              scaled to size 10.79993pt on input line 20.
LaTeX Font Info:    Font shape `T1/pcr/m/it' in size <8> not available
(Font)              Font shape `T1/pcr/m/sl' tried instead on input line 35.
LaTeX Font Info:    Font shape `T1/pcr/m/it' in size <7> not available
(Font)              Font shape `T1/pcr/m/sl' tried instead on input line 35.

[7

]) (class_base_generation.tex
Package epstopdf Info: Source file: <class_base_generation.eps>
(epstopdf)                    date: 2023-12-30 21:30:40
(epstopdf)                    size: 3923 bytes
(epstopdf)             Output file: <class_base_generation-eps-converted-to.pdf
>
(epstopdf)                    date: 2024-01-06 01:48:35
(epstopdf)                    size: 6104 bytes
(epstopdf)             Command: <miktex-epstopdf --outfile=class_base_generatio
n-eps-converted-to.pdf class_base_generation.eps>
(epstopdf)             \includegraphics on input line 6.
Package epstopdf Info: Output file is already uptodate.
 <./class_base_generation-eps-converted-to.pdf>
<class_base_generation-eps-converted-to.pdf, id=75, 501.875pt x 485.815pt>
File: class_base_generation-eps-converted-to.pdf Graphic file (type pdf)
<use class_base_generation-eps-converted-to.pdf>
Package pdftex.def Info: class_base_generation-eps-converted-to.pdf  used on in
put line 6.
(pdftex.def)             Requested size: 88.17404pt x 85.35826pt.
LaTeX Font Info:    Font shape `T1/phv/b/it' in size <9> not available
(Font)              Font shape `T1/phv/b/sl' tried instead on input line 14.
LaTeX Font Info:    Font shape `T1/phv/b/sl' will be
(Font)              scaled to size 8.09995pt on input line 14.
LaTeX Font Info:    Font shape `T1/phv/b/it' in size <7> not available
(Font)              Font shape `T1/phv/b/sl' tried instead on input line 14.
LaTeX Font Info:    Font shape `T1/phv/b/sl' will be
(Font)              scaled to size 6.29996pt on input line 14.

[8]) (class_block.tex [9]
Underfull \hbox (badness 10000) detected at line 72
[][][]
 []

) (struct_calculate_block_types.tex
Package epstopdf Info: Source file: <struct_calculate_block_types.eps>
(epstopdf)                    date: 2023-12-30 21:30:40
(epstopdf)                    size: 3810 bytes
(epstopdf)             Output file: <struct_calculate_block_types-eps-converted
-to.pdf>
(epstopdf)                    date: 2024-01-06 01:48:36
(epstopdf)                    size: 6079 bytes
(epstopdf)             Command: <miktex-epstopdf --outfile=struct_calculate_blo
ck_types-eps-converted-to.pdf struct_calculate_block_types.eps>
(epstopdf)             \includegraphics on input line 11.
Package epstopdf Info: Output file is already uptodate.
 <./struct_calculate_block_types-eps-converted-to.pdf>
<struct_calculate_block_types-eps-converted-to.pdf, id=92, 501.875pt x 291.0875
pt>
File: struct_calculate_block_types-eps-converted-to.pdf Graphic file (type pdf)

<use struct_calculate_block_types-eps-converted-to.pdf>
Package pdftex.def Info: struct_calculate_block_types-eps-converted-to.pdf  use
d on input line 11.
(pdftex.def)             Requested size: 98.10645pt x 56.9055pt.
 [10]
Overfull \vbox (6.67574pt too high) has occurred while \output is active []


[11] [12]) (class_calculate_block_types_jobs.tex
Package epstopdf Info: Source file: <class_calculate_block_types_jobs.eps>
(epstopdf)                    date: 2023-12-30 21:30:40
(epstopdf)                    size: 4450 bytes
(epstopdf)             Output file: <class_calculate_block_types_jobs-eps-conve
rted-to.pdf>
(epstopdf)                    date: 2024-01-06 01:48:37
(epstopdf)                    size: 7124 bytes
(epstopdf)             Command: <miktex-epstopdf --outfile=class_calculate_bloc
k_types_jobs-eps-converted-to.pdf class_calculate_block_types_jobs.eps>
(epstopdf)             \includegraphics on input line 11.
Package epstopdf Info: Output file is already uptodate.
 <./class_calculate_block_types_jobs-eps-converted-to.pdf>
<class_calculate_block_types_jobs-eps-converted-to.pdf, id=107, 501.875pt x 56.
21pt>
File: class_calculate_block_types_jobs-eps-converted-to.pdf Graphic file (type 
pdf)
<use class_calculate_block_types_jobs-eps-converted-to.pdf>
Package pdftex.def Info: class_calculate_block_types_jobs-eps-converted-to.pdf 
 used on input line 11.
(pdftex.def)             Requested size: 395.19035pt x 44.25989pt.
 [13]) (class_camera_movement.tex
Package epstopdf Info: Source file: <class_camera_movement.eps>
(epstopdf)                    date: 2023-12-30 21:30:40
(epstopdf)                    size: 3796 bytes
(epstopdf)             Output file: <class_camera_movement-eps-converted-to.pdf
>
(epstopdf)                    date: 2024-01-06 01:48:38
(epstopdf)                    size: 5541 bytes
(epstopdf)             Command: <miktex-epstopdf --outfile=class_camera_movemen
t-eps-converted-to.pdf class_camera_movement.eps>
(epstopdf)             \includegraphics on input line 11.
Package epstopdf Info: Output file is already uptodate.
 <./class_camera_movement-eps-converted-to.pdf>
<class_camera_movement-eps-converted-to.pdf, id=117, 501.875pt x 329.23pt>
File: class_camera_movement-eps-converted-to.pdf Graphic file (type pdf)
<use class_camera_movement-eps-converted-to.pdf>
Package pdftex.def Info: class_camera_movement-eps-converted-to.pdf  used on in
put line 11.
(pdftex.def)             Requested size: 86.742pt x 56.9055pt.
 [14]
LaTeX Font Info:    Font shape `TS1/phv/m/it' in size <9> not available
(Font)              Font shape `TS1/phv/m/sl' tried instead on input line 23.
LaTeX Font Info:    Font shape `TS1/phv/m/sl' will be
(Font)              scaled to size 8.09995pt on input line 23.
) (class_chunk_block.tex
Package epstopdf Info: Source file: <class_chunk_block.eps>
(epstopdf)                    date: 2023-12-30 21:30:41
(epstopdf)                    size: 3788 bytes
(epstopdf)             Output file: <class_chunk_block-eps-converted-to.pdf>
(epstopdf)                    date: 2024-01-06 01:48:39
(epstopdf)                    size: 5565 bytes
(epstopdf)             Command: <miktex-epstopdf --outfile=class_chunk_block-ep
s-converted-to.pdf class_chunk_block.eps>
(epstopdf)             \includegraphics on input line 11.
Package epstopdf Info: Output file is already uptodate.
 <./class_chunk_block-eps-converted-to.pdf>
<class_chunk_block-eps-converted-to.pdf, id=126, 501.875pt x 365.365pt>
File: class_chunk_block-eps-converted-to.pdf Graphic file (type pdf)
<use class_chunk_block-eps-converted-to.pdf>
Package pdftex.def Info: class_chunk_block-eps-converted-to.pdf  used on input 
line 11.
(pdftex.def)             Requested size: 78.16505pt x 56.9055pt.
 [15] [16] [17]) (class_create_world_u_i_manager.tex
[18]
Package epstopdf Info: Source file: <class_create_world_u_i_manager.eps>
(epstopdf)                    date: 2023-12-30 21:30:41
(epstopdf)                    size: 3808 bytes
(epstopdf)             Output file: <class_create_world_u_i_manager-eps-convert
ed-to.pdf>
(epstopdf)                    date: 2024-01-06 01:48:40
(epstopdf)                    size: 6066 bytes
(epstopdf)             Command: <miktex-epstopdf --outfile=class_create_world_u
_i_manager-eps-converted-to.pdf class_create_world_u_i_manager.eps>
(epstopdf)             \includegraphics on input line 11.
Package epstopdf Info: Output file is already uptodate.
 <./class_create_world_u_i_manager-eps-converted-to.pdf>
<class_create_world_u_i_manager-eps-converted-to.pdf, id=144, 501.875pt x 262.9
825pt>
File: class_create_world_u_i_manager-eps-converted-to.pdf Graphic file (type pd
f)
<use class_create_world_u_i_manager-eps-converted-to.pdf>
Package pdftex.def Info: class_create_world_u_i_manager-eps-converted-to.pdf  u
sed on input line 11.
(pdftex.def)             Requested size: 108.59789pt x 56.9055pt.
 [19] [20] [21])
(class_dropdown_change_menu.tex
Package epstopdf Info: Source file: <class_dropdown_change_menu.eps>
(epstopdf)                    date: 2023-12-30 21:30:41
(epstopdf)                    size: 3804 bytes
(epstopdf)             Output file: <class_dropdown_change_menu-eps-converted-t
o.pdf>
(epstopdf)                    date: 2024-01-06 01:48:41
(epstopdf)                    size: 5998 bytes
(epstopdf)             Command: <miktex-epstopdf --outfile=class_dropdown_chang
e_menu-eps-converted-to.pdf class_dropdown_change_menu.eps>
(epstopdf)             \includegraphics on input line 11.
Package epstopdf Info: Output file is already uptodate.
 <./class_dropdown_change_menu-eps-converted-to.pdf>
<class_dropdown_change_menu-eps-converted-to.pdf, id=160, 501.875pt x 260.975pt
>
File: class_dropdown_change_menu-eps-converted-to.pdf Graphic file (type pdf)
<use class_dropdown_change_menu-eps-converted-to.pdf>
Package pdftex.def Info: class_dropdown_change_menu-eps-converted-to.pdf  used 
on input line 11.
(pdftex.def)             Requested size: 109.43262pt x 56.9055pt.
 [22]) (class_existing_world_u_i_manager.tex
Package epstopdf Info: Source file: <class_existing_world_u_i_manager.eps>
(epstopdf)                    date: 2023-12-30 21:30:41
(epstopdf)                    size: 3812 bytes
(epstopdf)             Output file: <class_existing_world_u_i_manager-eps-conve
rted-to.pdf>
(epstopdf)                    date: 2024-01-06 01:48:43
(epstopdf)                    size: 6364 bytes
(epstopdf)             Command: <miktex-epstopdf --outfile=class_existing_world
_u_i_manager-eps-converted-to.pdf class_existing_world_u_i_manager.eps>
(epstopdf)             \includegraphics on input line 11.
Package epstopdf Info: Output file is already uptodate.
 <./class_existing_world_u_i_manager-eps-converted-to.pdf>
<class_existing_world_u_i_manager-eps-converted-to.pdf, id=169, 501.875pt x 254
.9525pt>
File: class_existing_world_u_i_manager-eps-converted-to.pdf Graphic file (type 
pdf)
<use class_existing_world_u_i_manager-eps-converted-to.pdf>
Package pdftex.def Info: class_existing_world_u_i_manager-eps-converted-to.pdf 
 used on input line 11.
(pdftex.def)             Requested size: 112.01335pt x 56.9055pt.
 [23]
Underfull \hbox (badness 10000) detected at line 53
[][][]
 []

[24]) (class_flat_calculate_block_type.tex
Package epstopdf Info: Source file: <class_flat_calculate_block_type.eps>
(epstopdf)                    date: 2023-12-30 21:30:41
(epstopdf)                    size: 4211 bytes
(epstopdf)             Output file: <class_flat_calculate_block_type-eps-conver
ted-to.pdf>
(epstopdf)                    date: 2024-01-06 01:48:44
(epstopdf)                    size: 6644 bytes
(epstopdf)             Command: <miktex-epstopdf --outfile=class_flat_calculate
_block_type-eps-converted-to.pdf class_flat_calculate_block_type.eps>
(epstopdf)             \includegraphics on input line 11.
Package epstopdf Info: Output file is already uptodate.
 <./class_flat_calculate_block_type-eps-converted-to.pdf>
<class_flat_calculate_block_type-eps-converted-to.pdf, id=181, 501.875pt x 182.
6825pt>
File: class_flat_calculate_block_type-eps-converted-to.pdf Graphic file (type p
df)
<use class_flat_calculate_block_type-eps-converted-to.pdf>
Package pdftex.def Info: class_flat_calculate_block_type-eps-converted-to.pdf  
used on input line 11.
(pdftex.def)             Requested size: 234.50284pt x 85.35826pt.
 [25]) (class_floating_islands_calculate_block_type.tex
Package epstopdf Info: Source file: <class_floating_islands_calculate_block_typ
e.eps>
(epstopdf)                    date: 2023-12-30 21:30:41
(epstopdf)                    size: 4233 bytes
(epstopdf)             Output file: <class_floating_islands_calculate_block_typ
e-eps-converted-to.pdf>
(epstopdf)                    date: 2024-01-06 01:48:45
(epstopdf)                    size: 7049 bytes
(epstopdf)             Command: <miktex-epstopdf --outfile=class_floating_islan
ds_calculate_block_type-eps-converted-to.pdf class_floating_islands_calculate_b
lock_type.eps>
(epstopdf)             \includegraphics on input line 11.
Package epstopdf Info: Output file is already uptodate.
 <./class_floating_islands_calculate_block_type-eps-converted-to.pdf>
<class_floating_islands_calculate_block_type-eps-converted-to.pdf, id=191, 501.
875pt x 139.52126pt>
File: class_floating_islands_calculate_block_type-eps-converted-to.pdf Graphic 
file (type pdf)
<use class_floating_islands_calculate_block_type-eps-converted-to.pdf>
Package pdftex.def Info: class_floating_islands_calculate_block_type-eps-conver
ted-to.pdf  used on input line 11.
(pdftex.def)             Requested size: 307.0546pt x 85.35826pt.
 [26] [27])
(class_generation_world_u_i.tex
Package epstopdf Info: Source file: <class_generation_world_u_i.eps>
(epstopdf)                    date: 2023-12-30 21:30:41
(epstopdf)                    size: 3802 bytes
(epstopdf)             Output file: <class_generation_world_u_i-eps-converted-t
o.pdf>
(epstopdf)                    date: 2024-01-06 01:48:46
(epstopdf)                    size: 5884 bytes
(epstopdf)             Command: <miktex-epstopdf --outfile=class_generation_wor
ld_u_i-eps-converted-to.pdf class_generation_world_u_i.eps>
(epstopdf)             \includegraphics on input line 11.
Package epstopdf Info: Output file is already uptodate.
 <./class_generation_world_u_i-eps-converted-to.pdf>
<class_generation_world_u_i-eps-converted-to.pdf, id=203, 501.875pt x 319.1925p
t>
File: class_generation_world_u_i-eps-converted-to.pdf Graphic file (type pdf)
<use class_generation_world_u_i-eps-converted-to.pdf>
Package pdftex.def Info: class_generation_world_u_i-eps-converted-to.pdf  used 
on input line 11.
(pdftex.def)             Requested size: 89.46825pt x 56.9055pt.
) (class_loading_u_i.tex
Package epstopdf Info: Source file: <class_loading_u_i.eps>
(epstopdf)                    date: 2023-12-30 21:30:41
(epstopdf)                    size: 3786 bytes
(epstopdf)             Output file: <class_loading_u_i-eps-converted-to.pdf>
(epstopdf)                    date: 2024-01-06 01:48:47
(epstopdf)                    size: 5738 bytes
(epstopdf)             Command: <miktex-epstopdf --outfile=class_loading_u_i-ep
s-converted-to.pdf class_loading_u_i.eps>
(epstopdf)             \includegraphics on input line 11.
Package epstopdf Info: Output file is already uptodate.
 <./class_loading_u_i-eps-converted-to.pdf>
<class_loading_u_i-eps-converted-to.pdf, id=209, 501.875pt x 365.365pt>
File: class_loading_u_i-eps-converted-to.pdf Graphic file (type pdf)
<use class_loading_u_i-eps-converted-to.pdf>
Package pdftex.def Info: class_loading_u_i-eps-converted-to.pdf  used on input 
line 11.
(pdftex.def)             Requested size: 78.16505pt x 56.9055pt.

[28] [29]) (class_mesh_utils.tex [30]
Overfull \vbox (9.03682pt too high) has occurred while \output is active []


[31] [32]
Underfull \hbox (badness 10000) detected at line 222
[][][]
 []


Underfull \hbox (badness 10000) detected at line 252
[][][]
 []

[33]
Underfull \hbox (badness 10000) detected at line 270
[][][]
 []

) (class_perlin3_d_grapher.tex
Package epstopdf Info: Source file: <class_perlin3_d_grapher.eps>
(epstopdf)                    date: 2023-12-30 21:30:41
(epstopdf)                    size: 3798 bytes
(epstopdf)             Output file: <class_perlin3_d_grapher-eps-converted-to.p
df>
(epstopdf)                    date: 2024-01-06 01:48:48
(epstopdf)                    size: 5878 bytes
(epstopdf)             Command: <miktex-epstopdf --outfile=class_perlin3_d_grap
her-eps-converted-to.pdf class_perlin3_d_grapher.eps>
(epstopdf)             \includegraphics on input line 11.
Package epstopdf Info: Output file is already uptodate.
 <./class_perlin3_d_grapher-eps-converted-to.pdf>
<class_perlin3_d_grapher-eps-converted-to.pdf, id=234, 501.875pt x 346.29375pt>

File: class_perlin3_d_grapher-eps-converted-to.pdf Graphic file (type pdf)
<use class_perlin3_d_grapher-eps-converted-to.pdf>
Package pdftex.def Info: class_perlin3_d_grapher-eps-converted-to.pdf  used on 
input line 11.
(pdftex.def)             Requested size: 82.46884pt x 56.9055pt.
[34] [35]) (class_perlin_grapher.tex
Package epstopdf Info: Source file: <class_perlin_grapher.eps>
(epstopdf)                    date: 2023-12-30 21:30:41
(epstopdf)                    size: 3794 bytes
(epstopdf)             Output file: <class_perlin_grapher-eps-converted-to.pdf>

(epstopdf)                    date: 2024-01-06 01:48:49
(epstopdf)                    size: 5605 bytes
(epstopdf)             Command: <miktex-epstopdf --outfile=class_perlin_grapher
-eps-converted-to.pdf class_perlin_grapher.eps>
(epstopdf)             \includegraphics on input line 11.
Package epstopdf Info: Output file is already uptodate.
 <./class_perlin_grapher-eps-converted-to.pdf>
<class_perlin_grapher-eps-converted-to.pdf, id=246, 501.875pt x 365.365pt>
File: class_perlin_grapher-eps-converted-to.pdf Graphic file (type pdf)
<use class_perlin_grapher-eps-converted-to.pdf>
Package pdftex.def Info: class_perlin_grapher-eps-converted-to.pdf  used on inp
ut line 11.
(pdftex.def)             Requested size: 78.16505pt x 56.9055pt.
 [36] [37] [38]) (struct_perlin_settings.tex [39])
(struct_chunk_block_1_1_process_mesh_data_job.tex
Package epstopdf Info: Source file: <struct_chunk_block_1_1_process_mesh_data_j
ob.eps>
(epstopdf)                    date: 2023-12-30 21:30:41
(epstopdf)                    size: 3830 bytes
(epstopdf)             Output file: <struct_chunk_block_1_1_process_mesh_data_j
ob-eps-converted-to.pdf>
(epstopdf)                    date: 2024-01-06 01:48:50
(epstopdf)                    size: 6275 bytes
(epstopdf)             Command: <miktex-epstopdf --outfile=struct_chunk_block_1
_1_process_mesh_data_job-eps-converted-to.pdf struct_chunk_block_1_1_process_me
sh_data_job.eps>
(epstopdf)             \includegraphics on input line 11.
Package epstopdf Info: Output file is already uptodate.
 <./struct_chunk_block_1_1_process_mesh_data_job-eps-converted-to.pdf>
<struct_chunk_block_1_1_process_mesh_data_job-eps-converted-to.pdf, id=265, 501
.875pt x 187.70125pt>
File: struct_chunk_block_1_1_process_mesh_data_job-eps-converted-to.pdf Graphic
 file (type pdf)
<use struct_chunk_block_1_1_process_mesh_data_job-eps-converted-to.pdf>
Package pdftex.def Info: struct_chunk_block_1_1_process_mesh_data_job-eps-conve
rted-to.pdf  used on input line 11.
(pdftex.def)             Requested size: 152.14885pt x 56.9055pt.
 [40] [41]) (class_quad.tex [42])
(class_settings_graph_manager.tex
Package epstopdf Info: Source file: <class_settings_graph_manager.eps>
(epstopdf)                    date: 2023-12-30 21:30:41
(epstopdf)                    size: 3808 bytes
(epstopdf)             Output file: <class_settings_graph_manager-eps-converted
-to.pdf>
(epstopdf)                    date: 2024-01-06 01:48:51
(epstopdf)                    size: 6044 bytes
(epstopdf)             Command: <miktex-epstopdf --outfile=class_settings_graph
_manager-eps-converted-to.pdf class_settings_graph_manager.eps>
(epstopdf)             \includegraphics on input line 11.
Package epstopdf Info: Output file is already uptodate.
 <./class_settings_graph_manager-eps-converted-to.pdf>
<class_settings_graph_manager-eps-converted-to.pdf, id=280, 501.875pt x 268.001
25pt>
File: class_settings_graph_manager-eps-converted-to.pdf Graphic file (type pdf)

<use class_settings_graph_manager-eps-converted-to.pdf>
Package pdftex.def Info: class_settings_graph_manager-eps-converted-to.pdf  use
d on input line 11.
(pdftex.def)             Requested size: 106.56087pt x 56.9055pt.
 [43] [44] [45]) (class_u_i_manager.tex
Package epstopdf Info: Source file: <class_u_i_manager.eps>
(epstopdf)                    date: 2023-12-30 21:30:41
(epstopdf)                    size: 3786 bytes
(epstopdf)             Output file: <class_u_i_manager-eps-converted-to.pdf>
(epstopdf)                    date: 2024-01-06 01:48:53
(epstopdf)                    size: 5527 bytes
(epstopdf)             Command: <miktex-epstopdf --outfile=class_u_i_manager-ep
s-converted-to.pdf class_u_i_manager.eps>
(epstopdf)             \includegraphics on input line 11.
Package epstopdf Info: Output file is already uptodate.
 <./class_u_i_manager-eps-converted-to.pdf>
<class_u_i_manager-eps-converted-to.pdf, id=296, 501.875pt x 365.365pt>
File: class_u_i_manager-eps-converted-to.pdf Graphic file (type pdf)
<use class_u_i_manager-eps-converted-to.pdf>
Package pdftex.def Info: class_u_i_manager-eps-converted-to.pdf  used on input 
line 11.
(pdftex.def)             Requested size: 78.16505pt x 56.9055pt.
 [46] [47]) (class_update_text.tex
Package epstopdf Info: Source file: <class_update_text.eps>
(epstopdf)                    date: 2023-12-30 21:30:41
(epstopdf)                    size: 3788 bytes
(epstopdf)             Output file: <class_update_text-eps-converted-to.pdf>
(epstopdf)                    date: 2024-01-06 01:48:54
(epstopdf)                    size: 5827 bytes
(epstopdf)             Command: <miktex-epstopdf --outfile=class_update_text-ep
s-converted-to.pdf class_update_text.eps>
(epstopdf)             \includegraphics on input line 11.
Package epstopdf Info: Output file is already uptodate.
 <./class_update_text-eps-converted-to.pdf>
<class_update_text-eps-converted-to.pdf, id=308, 501.875pt x 365.365pt>
File: class_update_text-eps-converted-to.pdf Graphic file (type pdf)
<use class_update_text-eps-converted-to.pdf>
Package pdftex.def Info: class_update_text-eps-converted-to.pdf  used on input 
line 11.
(pdftex.def)             Requested size: 78.16505pt x 56.9055pt.
 [48] [49]) (class_world_creator.tex
Package epstopdf Info: Source file: <class_world_creator.eps>
(epstopdf)                    date: 2023-12-30 21:30:41
(epstopdf)                    size: 3792 bytes
(epstopdf)             Output file: <class_world_creator-eps-converted-to.pdf>
(epstopdf)                    date: 2024-01-06 01:48:55
(epstopdf)                    size: 5693 bytes
(epstopdf)             Command: <miktex-epstopdf --outfile=class_world_creator-
eps-converted-to.pdf class_world_creator.eps>
(epstopdf)             \includegraphics on input line 11.
Package epstopdf Info: Output file is already uptodate.
 <./class_world_creator-eps-converted-to.pdf>
<class_world_creator-eps-converted-to.pdf, id=321, 501.875pt x 365.365pt>
File: class_world_creator-eps-converted-to.pdf Graphic file (type pdf)
<use class_world_creator-eps-converted-to.pdf>
Package pdftex.def Info: class_world_creator-eps-converted-to.pdf  used on inpu
t line 11.
(pdftex.def)             Requested size: 78.16505pt x 56.9055pt.
 [50] [51] [52] [53] [54]
Underfull \hbox (badness 10000) in paragraph at lines 350--351
\T1/pcr/m/n/8 Dictionary$\OML/cmm/m/it/8 <$\T1/pcr/m/n/8 Vector3[]Int,  \T1/pcr
/b/n/8 Chunk[]Block$\OML/cmm/m/it/8 >$ \T1/pcr/m/n/8 World[]Creator.[]chunks = 
new Dictionary$\OML/cmm/m/it/8 <$\T1/pcr/m/n/8 Vector3[]Int,  \T1/pcr/b/n/8 Chu
nk[]
 []

[55] [56]) (class_world_data.tex [57]
LaTeX Font Info:    Font shape `T1/phv/b/n' will be
(Font)              scaled to size 7.19995pt on input line 53.
 [58] [59]) (class_world_saver.tex
[60]
Underfull \hbox (badness 10000) detected at line 48
[][][]
 []

[61] [62]
Underfull \hbox (badness 10000) detected at line 66
[][][]
 []


Underfull \hbox (badness 10000) detected at line 84
[][][]
 []

[63]) (class_world_visualization.tex
Package epstopdf Info: Source file: <class_world_visualization.eps>
(epstopdf)                    date: 2023-12-30 21:30:41
(epstopdf)                    size: 3923 bytes
(epstopdf)             Output file: <class_world_visualization-eps-converted-to
.pdf>
(epstopdf)                    date: 2024-01-06 01:48:56
(epstopdf)                    size: 6102 bytes
(epstopdf)             Command: <miktex-epstopdf --outfile=class_world_visualiz
ation-eps-converted-to.pdf class_world_visualization.eps>
(epstopdf)             \includegraphics on input line 11.
Package epstopdf Info: Output file is already uptodate.
 <./class_world_visualization-eps-converted-to.pdf>
<class_world_visualization-eps-converted-to.pdf, id=371, 501.875pt x 485.815pt>

File: class_world_visualization-eps-converted-to.pdf Graphic file (type pdf)
<use class_world_visualization-eps-converted-to.pdf>
Package pdftex.def Info: class_world_visualization-eps-converted-to.pdf  used o
n input line 11.
(pdftex.def)             Requested size: 88.17404pt x 85.35826pt.
 [64]) [65] [66

]
Chapter 5.
(_base_calculate_block_type_8cs.tex) (_base_generation_8cs.tex) (_block_8cs.tex
[67]) (_calculate_block_types_jobs_8cs.tex) (_camera_movement_8cs.tex)
(_chunk_block_8cs.tex [68]) (_flat_calculate_block_type_8cs.tex)
(_floating_islands_calculate_block_type_8cs.tex [69]) (_mesh_utils_8cs.tex
Underfull \hbox (badness 10000) in paragraph at lines 30--31
\T1/pcr/m/n/8 using  \T1/pcr/b/n/8 Vertex[]Data \T1/pcr/m/n/8 = System.[]Tuple$
\OML/cmm/m/it/8 <$\T1/pcr/m/n/8 Unity[]Engine.[]Vector3, Unity[]Engine.[]Vector
3, Unity[]Engine.[]
 []

) (_perlin3_d_grapher_8cs.tex [70]) (_perlin_grapher_8cs.tex) (_quad_8cs.tex)
(_create_world_u_i_manager_8cs.tex [71]) (_dropdown_change_menu_8cs.tex)
(_existing_world_u_i_manager_8cs.tex) (_generation_world_u_i_8cs.tex [72])
(_loading_u_i_8cs.tex) (_settings_graph_manager_8cs.tex) (_u_i_manager_8cs.tex
[73]) (_update_text_8cs.tex) (_world_creator_8cs.tex) (_world_saver_8cs.tex
[74]) (_world_visualization_8cs.tex) [75] [76

] (refman.ind
LaTeX Font Info:    Font shape `T1/phv/m/n' will be
(Font)              scaled to size 22.39185pt on input line 1.

Overfull \hbox (31.46127pt too wide) in paragraph at lines 18--20
[]\T1/phv/m/n/10 Assets/scripts/Experiment2/Scripts/BaseCalculateBlockType.cs,
 []


Underfull \hbox (badness 10000) in paragraph at lines 20--21
[]\T1/phv/m/n/10 Assets/scripts/Experiment2/Scripts/BaseGeneration.cs,
 []


Overfull \hbox (34.45833pt too wide) in paragraph at lines 22--24
[]\T1/phv/m/n/10 Assets/scripts/Experiment2/Scripts/CalculateBlockTypesJobs.cs,

 []


Overfull \hbox (25.95331pt too wide) in paragraph at lines 26--28
[]\T1/phv/m/n/10 Assets/scripts/Experiment2/Scripts/FlatCalculateBlockType.cs,
 []


Overfull \hbox (71.47449pt too wide) in paragraph at lines 28--30
[]\T1/phv/m/n/10 Assets/scripts/Experiment2/Scripts/FloatingIslandsCalculateBlo
ckType.cs,
 []


Underfull \hbox (badness 10000) in paragraph at lines 31--32
[]\T1/phv/m/n/10 Assets/scripts/Experiment2/Scripts/Perlin3DGrapher.cs,
 []


Underfull \hbox (badness 10000) in paragraph at lines 32--33
[]\T1/phv/m/n/10 Assets/scripts/Experiment2/Scripts/PerlinGrapher.cs,
 []


Overfull \hbox (38.7596pt too wide) in paragraph at lines 34--36
[]\T1/phv/m/n/10 Assets/scripts/Experiment2/Scripts/UI/CreateWorldUIManager.cs,

 []


Overfull \hbox (39.1379pt too wide) in paragraph at lines 36--38
[]\T1/phv/m/n/10 Assets/scripts/Experiment2/Scripts/UI/DropdownChangeMenu.cs,
 []


Overfull \hbox (43.25957pt too wide) in paragraph at lines 38--40
[]\T1/phv/m/n/10 Assets/scripts/Experiment2/Scripts/UI/ExistingWorldUIManager.c
s,
 []


Overfull \hbox (21.11986pt too wide) in paragraph at lines 40--42
[]\T1/phv/m/n/10 Assets/scripts/Experiment2/Scripts/UI/GenerationWorldUI.cs,
 []


Overfull \hbox (36.8246pt too wide) in paragraph at lines 43--45
[]\T1/phv/m/n/10 Assets/scripts/Experiment2/Scripts/UI/SettingsGraphManager.cs,

 []


Underfull \hbox (badness 10000) in paragraph at lines 45--46
[]\T1/phv/m/n/10 Assets/scripts/Experiment2/Scripts/UI/UIManager.cs,
 []


Underfull \hbox (badness 10000) in paragraph at lines 46--47
[]\T1/phv/m/n/10 Assets/scripts/Experiment2/Scripts/UI/UpdateText.cs,
 []

[77


] [78] [79] [80] [81] [82] [83

]) (refman.aux)
 ***********
LaTeX2e <2023-06-01> patch level 1
L3 programming layer <2023-08-29>
 ***********
 ) 
Here is how much of TeX's memory you used:
 12976 strings out of 475247
 245255 string characters out of 5757793
 1940785 words of memory out of 5000000
 34095 multiletter control sequences out of 15000+600000
 620747 words of font info for 111 fonts, out of 8000000 for 9000
 1141 hyphenation exceptions out of 8191
 101i,16n,117p,640b,616s stack positions out of 10000i,1000n,20000p,200000b,200000s
<C:/Users/Cyrez/AppData/Local/Programs/MiKTeX/fonts/type1/public/amsfonts/cm/
cmmi10.pfb><C:/Users/Cyrez/AppData/Local/Programs/MiKTeX/fonts/type1/public/ams
fonts/cm/cmmi7.pfb><C:/Users/Cyrez/AppData/Local/Programs/MiKTeX/fonts/type1/pu
blic/amsfonts/cm/cmmi8.pfb><C:/Users/Cyrez/AppData/Local/Programs/MiKTeX/fonts/
type1/public/amsfonts/cm/cmsy7.pfb><C:/Users/Cyrez/AppData/Local/Programs/MiKTe
X/fonts/type1/urw/courier/ucrb8a.pfb><C:/Users/Cyrez/AppData/Local/Programs/MiK
TeX/fonts/type1/urw/courier/ucrr8a.pfb><C:/Users/Cyrez/AppData/Local/Programs/M
iKTeX/fonts/type1/urw/courier/ucrro8a.pfb><C:/Users/Cyrez/AppData/Local/Program
s/MiKTeX/fonts/type1/urw/helvetic/uhvb8a.pfb><C:/Users/Cyrez/AppData/Local/Prog
rams/MiKTeX/fonts/type1/urw/helvetic/uhvb8ac.pfb><C:/Users/Cyrez/AppData/Local/
Programs/MiKTeX/fonts/type1/urw/helvetic/uhvbo8a.pfb><C:/Users/Cyrez/AppData/Lo
cal/Programs/MiKTeX/fonts/type1/urw/helvetic/uhvr8a.pfb><C:/Users/Cyrez/AppData
/Local/Programs/MiKTeX/fonts/type1/urw/helvetic/uhvro8a.pfb>
Output written on refman.pdf (95 pages, 364646 bytes).
PDF statistics:
 494 PDF objects out of 1000 (max. 8388607)
 0 named destinations out of 1000 (max. 500000)
 106 words of extra memory for PDF output out of 10000 (max. 10000000)

